0 info it worked if it ends with ok
1 verbose cli [ 'C:\\Program Files\\nodejs\\\\node.exe',
1 verbose cli   'C:\\Program Files\\nodejs\\node_modules\\npm\\bin\\npm-cli.js',
1 verbose cli   'run',
1 verbose cli   'desktop' ]
2 info using npm@1.3.14
3 info using node@v0.10.22
4 verbose node symlink C:\Program Files\nodejs\\node.exe
5 verbose run-script [ 'predesktop', 'desktop', 'postdesktop' ]
6 info predesktop VR@0.0.2
7 info desktop VR@0.0.2
8 verbose unsafe-perm in lifecycle true
9 info VR@0.0.2 Failed to exec desktop script
10 error VR@0.0.2 desktop: `node server -v:true -h:localhost`
10 error Exit status 8
11 error Failed at the VR@0.0.2 desktop script.
11 error This is most likely a problem with the VR package,
11 error not with npm itself.
11 error Tell the author that this fails on your system:
11 error     node server -v:true -h:localhost
11 error You can get their info via:
11 error     npm owner ls VR
11 error There is likely additional logging output above.
12 error System Windows_NT 6.1.7601
13 error command "C:\\Program Files\\nodejs\\\\node.exe" "C:\\Program Files\\nodejs\\node_modules\\npm\\bin\\npm-cli.js" "run" "desktop"
14 error cwd D:\Sean\Projects\VR
15 error node -v v0.10.22
16 error npm -v 1.3.14
17 error code ELIFECYCLE
18 verbose exit [ 1, true ]
